<?xml version="1.0" encoding="UTF-8"?>
<!-- Generated by org.testng.reporters.JUnitReportReporter -->
<testsuite hostname="DESKTOP-HN91I7R" failures="0" tests="1" name="com.facebook.test.LoginTest" time="15.503" errors="0" timestamp="2024-06-27T19:31:25 IST" skipped="0">
  <testcase classname="com.facebook.test.LoginTest" name="LoginTestPage" time="15.503"/>
  <system-out/>
</testsuite> <!-- com.facebook.test.LoginTest -->
