<?xml version="1.0" encoding="UTF-8"?>
<!-- Generated by org.testng.reporters.JUnitReportReporter -->
<testsuite hostname="DESKTOP-HN91I7R" failures="0" tests="1" name="com.facebook.test.PageFactoryLoginTest" time="0.425" errors="0" timestamp="2024-06-28T13:48:40 IST" skipped="0">
  <testcase classname="com.facebook.test.PageFactoryLoginTest" name="LoginTest" time="0.425"/>
  <system-out/>
</testsuite> <!-- com.facebook.test.PageFactoryLoginTest -->
